Cargando secuencias desde secuencias_bench.txt...
Cargadas 100000 secuencias de longitud 5000
Ejecutando benchmark con 100000 secuencias...
Benchmarking fourier...
Benchmarking k_mers...
Benchmarking one_hot...
Benchmarking wavelet_transform...
Benchmarking kmers_fft...
Benchmarking onehot_fft...
Benchmarking kmers_wavelet...
Benchmarking onehot_wavelet...
Generando gráficos...
Gráfico guardado: resultados_tiempos_memoria/01_performance_comparison.png
Gráfico guardado: resultados_tiempos_memoria/02_scatter_efficiency.png
Gráfico guardado: resultados_tiempos_memoria/03_heatmap_performance.png
Resultados guardados en: resultados_tiempos_memoria/benchmark_results.csv

Resumen de resultados:
         function  avg_time  std_time  avg_result_size  std_result_size
          fourier 20.116960  0.136778      1907.349571              0.0
wavelet_transform 21.895146  0.180142      3820.038780              0.0
           k_mers 35.261657  0.260834     17325.592541              0.0
          one_hot 48.166257  0.698292     19074.250206              0.0
        kmers_fft 48.247554  0.204595      1906.586632              0.0
    kmers_wavelet 48.298721  0.189456      3819.275841              0.0
   onehot_wavelet 57.364788  0.891647     19079.590782              0.0
       onehot_fft 64.409748  2.021169      9536.744102              0.0

¡Benchmark completado! Revisa la carpeta 'resultados_tiempos_memoria' para ver los gráficos.
